# JRE version: OpenJDK Runtime Environment Temurin-17.0.3+7 (17.0.3+7) (build 17.0.3+7)
# Java VM: OpenJDK 64-Bit Server VM Temurin-17.0.3+7 (17.0.3+7, mixed mode, sharing, tiered, compressed oops, compressed class ptrs, g1 gc, windows-amd64)
GC Precious Log:
 CPUs: 4 total, 4 available
 Memory: 8043M
 Large Page Support: Disabled
 NUMA Support: Disabled
 Compressed Oops: Enabled (Zero based)
 Heap Region Size: 2M
 Heap Min Capacity: 512M
 Heap Initial Capacity: 512M
 Heap Max Capacity: 4072M
 Pre-touch: Disabled
 Parallel Workers: 4
 Concurrent Workers: 1
 Concurrent Refinement Workers: 4
 Periodic GC: Disabled
 String Deduplication is enabled
Heap:
 garbage-first heap   total 524288K, used 190862K [0x0000000701800000, 0x0000000800000000)
  region size 2048K, 29 young (59392K), 2 survivors (4096K)
 Metaspace       used 88209K, committed 88896K, reserved 1130496K
  class space    used 12049K, committed 12352K, reserved 1048576K
GC Heap History (20 events):
Event: 657.598 GC heap before
{Heap before GC invocations=172 (full 115):
 garbage-first heap   total 524288K, used 207290K [0x0000000701800000, 0x0000000800000000)
  region size 2048K, 40 young (81920K), 0 survivors (0K)
 Metaspace       used 86053K, committed 86656K, reserved 1130496K
  class space    used 11742K, committed 12032K, reserved 1048576K
}
Event: 657.609 GC heap after
{Heap after GC invocations=173 (full 115):
 garbage-first heap   total 524288K, used 126176K [0x0000000701800000, 0x0000000800000000)
  region size 2048K, 1 young (2048K), 1 survivors (2048K)
 Metaspace       used 86053K, committed 86656K, reserved 1130496K
  class space    used 11742K, committed 12032K, reserved 1048576K
}
Event: 709.278 GC heap before
{Heap before GC invocations=173 (full 115):
 garbage-first heap   total 524288K, used 206048K [0x0000000701800000, 0x0000000800000000)
  region size 2048K, 40 young (81920K), 1 survivors (2048K)
 Metaspace       used 87101K, committed 87744K, reserved 1130496K
  class space    used 11970K, committed 12288K, reserved 1048576K
}
Event: 709.284 GC heap after
{Heap after GC invocations=174 (full 115):
 garbage-first heap   total 524288K, used 128528K [0x0000000701800000, 0x0000000800000000)
  region size 2048K, 2 young (4096K), 2 survivors (4096K)
 Metaspace       used 87101K, committed 87744K, reserved 1130496K
  class space    used 11970K, committed 12288K, reserved 1048576K
}
Event: 850.501 GC heap before
{Heap before GC invocations=174 (full 115):
 garbage-first heap   total 524288K, used 206352K [0x0000000701800000, 0x0000000800000000)
  region size 2048K, 40 young (81920K), 2 survivors (4096K)
 Metaspace       used 87386K, committed 88128K, reserved 1130496K
  class space    used 11998K, committed 12352K, reserved 1048576K
}
Event: 850.514 GC heap after
{Heap after GC invocations=175 (full 115):
 garbage-first heap   total 524288K, used 128600K [0x0000000701800000, 0x0000000800000000)
  region size 2048K, 2 young (4096K), 2 survivors (4096K)
 Metaspace       used 87386K, committed 88128K, reserved 1130496K
  class space    used 11998K, committed 12352K, reserved 1048576K
}
Event: 930.579 GC heap before
{Heap before GC invocations=175 (full 115):
 garbage-first heap   total 524288K, used 206424K [0x0000000701800000, 0x0000000800000000)
  region size 2048K, 40 young (81920K), 2 survivors (4096K)
 Metaspace       used 87473K, committed 88192K, reserved 1130496K
  class space    used 11998K, committed 12352K, reserved 1048576K
}
Event: 930.583 GC heap after
{Heap after GC invocations=176 (full 115):
 garbage-first heap   total 524288K, used 128707K [0x0000000701800000, 0x0000000800000000)
  region size 2048K, 2 young (4096K), 2 survivors (4096K)
 Metaspace       used 87473K, committed 88192K, reserved 1130496K
  class space    used 11998K, committed 12352K, reserved 1048576K
}
Event: 1044.931 GC heap before
{Heap before GC invocations=176 (full 115):
 garbage-first heap   total 524288K, used 206531K [0x0000000701800000, 0x0000000800000000)
  region size 2048K, 40 young (81920K), 2 survivors (4096K)
 Metaspace       used 87538K, committed 88192K, reserved 1130496K
  class space    used 11998K, committed 12352K, reserved 1048576K
}
Event: 1044.935 GC heap after
{Heap after GC invocations=177 (full 115):
 garbage-first heap   total 524288K, used 128732K [0x0000000701800000, 0x0000000800000000)
  region size 2048K, 2 young (4096K), 2 survivors (4096K)
 Metaspace       used 87538K, committed 88192K, reserved 1130496K
  class space    used 11998K, committed 12352K, reserved 1048576K
}
Event: 1200.697 GC heap before
{Heap before GC invocations=177 (full 115):
 garbage-first heap   total 524288K, used 206556K [0x0000000701800000, 0x0000000800000000)
  region size 2048K, 40 young (81920K), 2 survivors (4096K)
 Metaspace       used 87556K, committed 88256K, reserved 1130496K
  class space    used 11998K, committed 12352K, reserved 1048576K
}
Event: 1200.710 GC heap after
{Heap after GC invocations=178 (full 115):
 garbage-first heap   total 524288K, used 128753K [0x0000000701800000, 0x0000000800000000)
  region size 2048K, 2 young (4096K), 2 survivors (4096K)
 Metaspace       used 87556K, committed 88256K, reserved 1130496K
  class space    used 11998K, committed 12352K, reserved 1048576K
}
Event: 1473.817 GC heap before
{Heap before GC invocations=178 (full 115):
 garbage-first heap   total 524288K, used 206577K [0x0000000701800000, 0x0000000800000000)
  region size 2048K, 40 young (81920K), 2 survivors (4096K)
 Metaspace       used 87576K, committed 88256K, reserved 1130496K
  class space    used 11998K, committed 12352K, reserved 1048576K
}
Event: 1473.823 GC heap after
{Heap after GC invocations=179 (full 115):
 garbage-first heap   total 524288K, used 129217K [0x0000000701800000, 0x0000000800000000)
  region size 2048K, 2 young (4096K), 2 survivors (4096K)
 Metaspace       used 87576K, committed 88256K, reserved 1130496K
  class space    used 11998K, committed 12352K, reserved 1048576K
}
Event: 1497.683 GC heap before
{Heap before GC invocations=179 (full 115):
 garbage-first heap   total 524288K, used 204993K [0x0000000701800000, 0x0000000800000000)
  region size 2048K, 40 young (81920K), 2 survivors (4096K)
 Metaspace       used 87758K, committed 88448K, reserved 1130496K
  class space    used 12009K, committed 12352K, reserved 1048576K
}
Event: 1497.694 GC heap after
{Heap after GC invocations=180 (full 115):
 garbage-first heap   total 524288K, used 129060K [0x0000000701800000, 0x0000000800000000)
  region size 2048K, 2 young (4096K), 2 survivors (4096K)
 Metaspace       used 87758K, committed 88448K, reserved 1130496K
  class space    used 12009K, committed 12352K, reserved 1048576K
}
Event: 1502.231 GC heap before
{Heap before GC invocations=180 (full 115):
 garbage-first heap   total 524288K, used 206884K [0x0000000701800000, 0x0000000800000000)
  region size 2048K, 40 young (81920K), 2 survivors (4096K)
 Metaspace       used 88112K, committed 88704K, reserved 1130496K
  class space    used 12047K, committed 12352K, reserved 1048576K
}
Event: 1502.238 GC heap after
{Heap after GC invocations=181 (full 115):
 garbage-first heap   total 524288K, used 129766K [0x0000000701800000, 0x0000000800000000)
  region size 2048K, 3 young (6144K), 3 survivors (6144K)
 Metaspace       used 88112K, committed 88704K, reserved 1130496K
  class space    used 12047K, committed 12352K, reserved 1048576K
}
Event: 1507.899 GC heap before
{Heap before GC invocations=181 (full 115):
 garbage-first heap   total 524288K, used 205542K [0x0000000701800000, 0x0000000800000000)
  region size 2048K, 40 young (81920K), 3 survivors (6144K)
 Metaspace       used 88169K, committed 88832K, reserved 1130496K
  class space    used 12049K, committed 12352K, reserved 1048576K
}
Event: 1507.902 GC heap after
{Heap after GC invocations=182 (full 115):
 garbage-first heap   total 524288K, used 129422K [0x0000000701800000, 0x0000000800000000)
  region size 2048K, 2 young (4096K), 2 survivors (4096K)
 Metaspace       used 88169K, committed 88832K, reserved 1130496K
  class space    used 12049K, committed 12352K, reserved 1048576K
}

